07-Aug-2025 10:22:07.362 정보 [main] org.apache.catalina.startup.VersionLoggerListener.log 서버 버전 이름:    Apache Tomcat/10.1.43
07-Aug-2025 10:22:07.364 정보 [main] org.apache.catalina.startup.VersionLoggerListener.log Server 빌드 시각:  Jul 1 2025 21:30:20 UTC
07-Aug-2025 10:22:07.364 정보 [main] org.apache.catalina.startup.VersionLoggerListener.log Server 버전 번호:  10.1.43.0
07-Aug-2025 10:22:07.364 정보 [main] org.apache.catalina.startup.VersionLoggerListener.log 운영체제 이름:     Mac OS X
07-Aug-2025 10:22:07.364 정보 [main] org.apache.catalina.startup.VersionLoggerListener.log 운영체제 버전:     15.6
07-Aug-2025 10:22:07.364 정보 [main] org.apache.catalina.startup.VersionLoggerListener.log 아키텍처:          aarch64
07-Aug-2025 10:22:07.364 정보 [main] org.apache.catalina.startup.VersionLoggerListener.log 자바 홈:           /Users/sik2/Library/Java/JavaVirtualMachines/corretto-21.0.8/Contents/Home
07-Aug-2025 10:22:07.365 정보 [main] org.apache.catalina.startup.VersionLoggerListener.log JVM 버전:          21.0.8+9-LTS
07-Aug-2025 10:22:07.365 정보 [main] org.apache.catalina.startup.VersionLoggerListener.log JVM 벤더:          Amazon.com Inc.
07-Aug-2025 10:22:07.365 정보 [main] org.apache.catalina.startup.VersionLoggerListener.log CATALINA_BASE:     /Users/sik2/project/grepp/aibe3/jsp_baord/jsp_board_2508
07-Aug-2025 10:22:07.365 정보 [main] org.apache.catalina.startup.VersionLoggerListener.log CATALINA_HOME:     /Users/sik2/project/grepp/aibe3/jsp_baord/apache-tomcat-10.1.43
07-Aug-2025 10:22:07.373 정보 [main] org.apache.catalina.startup.VersionLoggerListener.log 명령 행 아규먼트:  --add-opens=java.base/java.lang=ALL-UNNAMED
07-Aug-2025 10:22:07.373 정보 [main] org.apache.catalina.startup.VersionLoggerListener.log 명령 행 아규먼트:  --add-opens=java.base/java.io=ALL-UNNAMED
07-Aug-2025 10:22:07.373 정보 [main] org.apache.catalina.startup.VersionLoggerListener.log 명령 행 아규먼트:  --add-opens=java.base/java.util=ALL-UNNAMED
07-Aug-2025 10:22:07.373 정보 [main] org.apache.catalina.startup.VersionLoggerListener.log 명령 행 아규먼트:  --add-opens=java.base/java.util.concurrent=ALL-UNNAMED
07-Aug-2025 10:22:07.373 정보 [main] org.apache.catalina.startup.VersionLoggerListener.log 명령 행 아규먼트:  --add-opens=java.rmi/sun.rmi.transport=ALL-UNNAMED
07-Aug-2025 10:22:07.373 정보 [main] org.apache.catalina.startup.VersionLoggerListener.log 명령 행 아규먼트:  -Dcatalina.home=/Users/sik2/project/grepp/aibe3/jsp_baord/apache-tomcat-10.1.43
07-Aug-2025 10:22:07.373 정보 [main] org.apache.catalina.startup.VersionLoggerListener.log 명령 행 아규먼트:  -Dcatalina.base=/Users/sik2/project/grepp/aibe3/jsp_baord/jsp_board_2508
07-Aug-2025 10:22:07.374 정보 [main] org.apache.catalina.startup.VersionLoggerListener.log 명령 행 아규먼트:  -Djava.io.tmpdir=/Users/sik2/project/grepp/aibe3/jsp_baord/jsp_board_2508/temp
07-Aug-2025 10:22:07.374 정보 [main] org.apache.catalina.startup.VersionLoggerListener.log 명령 행 아규먼트:  -Djava.util.logging.config.file=/Users/sik2/project/grepp/aibe3/jsp_baord/jsp_board_2508/conf/logging.properties
07-Aug-2025 10:22:07.374 정보 [main] org.apache.catalina.startup.VersionLoggerListener.log 명령 행 아규먼트:  -Djava.util.logging.manager=org.apache.juli.ClassLoaderLogManager
07-Aug-2025 10:22:07.374 정보 [main] org.apache.catalina.startup.VersionLoggerListener.log 명령 행 아규먼트:  -javaagent:/Applications/IntelliJ IDEA.app/Contents/lib/idea_rt.jar=58585:/Applications/IntelliJ IDEA.app/Contents/bin
07-Aug-2025 10:22:07.374 정보 [main] org.apache.catalina.startup.VersionLoggerListener.log 명령 행 아규먼트:  -Dfile.encoding=UTF-8
07-Aug-2025 10:22:07.374 정보 [main] org.apache.catalina.startup.VersionLoggerListener.log 명령 행 아규먼트:  -Dsun.stdout.encoding=UTF-8
07-Aug-2025 10:22:07.374 정보 [main] org.apache.catalina.startup.VersionLoggerListener.log 명령 행 아규먼트:  -Dsun.stderr.encoding=UTF-8
07-Aug-2025 10:22:07.386 정보 [main] org.apache.catalina.core.AprLifecycleListener.lifecycleEvent 프로덕션 환경들에서 최적의 성능을 제공하는, APR 기반 Apache Tomcat Native 라이브러리가, 다음 java.library.path에서 발견되지 않습니다: [/Users/sik2/Library/Java/Extensions:/Library/Java/Extensions:/Network/Library/Java/Extensions:/System/Library/Java/Extensions:/usr/lib/java:.]
07-Aug-2025 10:22:07.553 정보 [main] org.apache.coyote.AbstractProtocol.init 프로토콜 핸들러 ["http-nio-8080"]을(를) 초기화합니다.
07-Aug-2025 10:22:07.563 정보 [main] org.apache.catalina.startup.Catalina.load [363] 밀리초 내에 서버가 초기화되었습니다.
07-Aug-2025 10:22:07.588 정보 [main] org.apache.catalina.core.StandardService.startInternal 서비스 [Catalina]을(를) 시작합니다.
07-Aug-2025 10:22:07.589 정보 [main] org.apache.catalina.core.StandardEngine.startInternal 서버 엔진을 시작합니다: [Apache Tomcat/10.1.43]
07-Aug-2025 10:22:07.594 정보 [main] org.apache.catalina.startup.HostConfig.deployDescriptor 배치 descriptor [/Users/sik2/project/grepp/aibe3/jsp_baord/jsp_board_2508/conf/Catalina/localhost/ROOT.xml]을(를) 배치합니다.
07-Aug-2025 10:22:07.784 경고 [main] org.apache.catalina.webresources.Cache.getResource [/WEB-INF/classes/lib/tomcat-coyote-ffm.jar]에 위치한 리소스를 웹 애플리케이션 []을(를) 위한 캐시에 추가할 수 없습니다. 왜냐하면 만료된 캐시 엔트리들을 없애버린 이후에도 여유 공간이 충분하지 않기 때문입니다. 캐시의 최대 크기를 증가시키는 것을 고려해 보십시오.
07-Aug-2025 10:22:07.784 경고 [main] org.apache.catalina.webresources.Cache.getResource [/WEB-INF/classes/lib/tomcat-i18n-fr.jar]에 위치한 리소스를 웹 애플리케이션 []을(를) 위한 캐시에 추가할 수 없습니다. 왜냐하면 만료된 캐시 엔트리들을 없애버린 이후에도 여유 공간이 충분하지 않기 때문입니다. 캐시의 최대 크기를 증가시키는 것을 고려해 보십시오.
07-Aug-2025 10:22:07.784 경고 [main] org.apache.catalina.webresources.Cache.getResource [/WEB-INF/classes/lib/tomcat-dbcp.jar]에 위치한 리소스를 웹 애플리케이션 []을(를) 위한 캐시에 추가할 수 없습니다. 왜냐하면 만료된 캐시 엔트리들을 없애버린 이후에도 여유 공간이 충분하지 않기 때문입니다. 캐시의 최대 크기를 증가시키는 것을 고려해 보십시오.
07-Aug-2025 10:22:07.785 경고 [main] org.apache.catalina.webresources.Cache.getResource [/WEB-INF/classes/conf/server.xml]에 위치한 리소스를 웹 애플리케이션 []을(를) 위한 캐시에 추가할 수 없습니다. 왜냐하면 만료된 캐시 엔트리들을 없애버린 이후에도 여유 공간이 충분하지 않기 때문입니다. 캐시의 최대 크기를 증가시키는 것을 고려해 보십시오.
07-Aug-2025 10:22:07.785 경고 [main] org.apache.catalina.webresources.Cache.getResource [/WEB-INF/classes/conf/jaspic-providers.xml]에 위치한 리소스를 웹 애플리케이션 []을(를) 위한 캐시에 추가할 수 없습니다. 왜냐하면 만료된 캐시 엔트리들을 없애버린 이후에도 여유 공간이 충분하지 않기 때문입니다. 캐시의 최대 크기를 증가시키는 것을 고려해 보십시오.
07-Aug-2025 10:22:07.785 경고 [main] org.apache.catalina.webresources.Cache.getResource [/WEB-INF/classes/conf/tomcat-users.xml]에 위치한 리소스를 웹 애플리케이션 []을(를) 위한 캐시에 추가할 수 없습니다. 왜냐하면 만료된 캐시 엔트리들을 없애버린 이후에도 여유 공간이 충분하지 않기 때문입니다. 캐시의 최대 크기를 증가시키는 것을 고려해 보십시오.
07-Aug-2025 10:22:07.785 경고 [main] org.apache.catalina.webresources.Cache.getResource [/WEB-INF/classes/conf/jaspic-providers.xsd]에 위치한 리소스를 웹 애플리케이션 []을(를) 위한 캐시에 추가할 수 없습니다. 왜냐하면 만료된 캐시 엔트리들을 없애버린 이후에도 여유 공간이 충분하지 않기 때문입니다. 캐시의 최대 크기를 증가시키는 것을 고려해 보십시오.
07-Aug-2025 10:22:07.785 경고 [main] org.apache.catalina.webresources.Cache.getResource [/WEB-INF/classes/conf/context.xml]에 위치한 리소스를 웹 애플리케이션 []을(를) 위한 캐시에 추가할 수 없습니다. 왜냐하면 만료된 캐시 엔트리들을 없애버린 이후에도 여유 공간이 충분하지 않기 때문입니다. 캐시의 최대 크기를 증가시키는 것을 고려해 보십시오.
07-Aug-2025 10:22:07.786 경고 [main] org.apache.catalina.webresources.Cache.getResource [/WEB-INF/classes/conf/catalina.policy]에 위치한 리소스를 웹 애플리케이션 []을(를) 위한 캐시에 추가할 수 없습니다. 왜냐하면 만료된 캐시 엔트리들을 없애버린 이후에도 여유 공간이 충분하지 않기 때문입니다. 캐시의 최대 크기를 증가시키는 것을 고려해 보십시오.
07-Aug-2025 10:22:07.786 경고 [main] org.apache.catalina.webresources.Cache.getResource [/WEB-INF/classes/conf/web.xml]에 위치한 리소스를 웹 애플리케이션 []을(를) 위한 캐시에 추가할 수 없습니다. 왜냐하면 만료된 캐시 엔트리들을 없애버린 이후에도 여유 공간이 충분하지 않기 때문입니다. 캐시의 최대 크기를 증가시키는 것을 고려해 보십시오.
07-Aug-2025 10:22:07.786 경고 [main] org.apache.catalina.webresources.Cache.getResource [/WEB-INF/classes/conf/tomcat-users.xsd]에 위치한 리소스를 웹 애플리케이션 []을(를) 위한 캐시에 추가할 수 없습니다. 왜냐하면 만료된 캐시 엔트리들을 없애버린 이후에도 여유 공간이 충분하지 않기 때문입니다. 캐시의 최대 크기를 증가시키는 것을 고려해 보십시오.
07-Aug-2025 10:22:07.879 정보 [main] org.apache.jasper.servlet.TldScanner.scanJars 적어도 하나의 JAR가 TLD들을 찾기 위해 스캔되었으나 아무 것도 찾지 못했습니다. 스캔했으나 TLD가 없는 JAR들의 전체 목록을 보시려면, 로그 레벨을 디버그 레벨로 설정하십시오. 스캔 과정에서 불필요한 JAR들을 건너뛰면, 시스템 시작 시간과 JSP 컴파일 시간을 단축시킬 수 있습니다.
07-Aug-2025 10:22:07.900 경고 [main] org.apache.catalina.webresources.Cache.getResource [/]에 위치한 리소스를 웹 애플리케이션 []을(를) 위한 캐시에 추가할 수 없습니다. 왜냐하면 만료된 캐시 엔트리들을 없애버린 이후에도 여유 공간이 충분하지 않기 때문입니다. 캐시의 최대 크기를 증가시키는 것을 고려해 보십시오.
07-Aug-2025 10:22:07.905 정보 [main] org.apache.catalina.startup.HostConfig.deployDescriptor 배치 descriptor [/Users/sik2/project/grepp/aibe3/jsp_baord/jsp_board_2508/conf/Catalina/localhost/ROOT.xml]의 배치가 [309] 밀리초 내에 완료되었습니다.
07-Aug-2025 10:22:07.908 정보 [main] org.apache.coyote.AbstractProtocol.start 프로토콜 핸들러 ["http-nio-8080"]을(를) 시작합니다.
07-Aug-2025 10:22:07.926 정보 [main] org.apache.catalina.startup.Catalina.start 서버가 [362] 밀리초 내에 시작되었습니다.
07-Aug-2025 10:22:17.912 정보 [Catalina-utility-1] org.apache.catalina.webresources.Cache.backgroundProcess 백그라운드 캐시 퇴거 (cache eviction) 프로세스가, 컨텍스트 []을(를) 위한 캐시의 [10] 퍼센트를 해제시킬 수 없었습니다. 캐시의 최대 크기를 증가시킬 것을 고려해 보십시오. 캐시 퇴거 작업 이후, 대략 [9,366] KiB의 데이터가 캐시에 남아 있습니다.
07-Aug-2025 10:23:59.355 정보 [main] org.apache.catalina.startup.VersionLoggerListener.log 서버 버전 이름:    Apache Tomcat/10.1.43
07-Aug-2025 10:23:59.362 정보 [main] org.apache.catalina.startup.VersionLoggerListener.log Server 빌드 시각:  Jul 1 2025 21:30:20 UTC
07-Aug-2025 10:23:59.362 정보 [main] org.apache.catalina.startup.VersionLoggerListener.log Server 버전 번호:  10.1.43.0
07-Aug-2025 10:23:59.362 정보 [main] org.apache.catalina.startup.VersionLoggerListener.log 운영체제 이름:     Mac OS X
07-Aug-2025 10:23:59.362 정보 [main] org.apache.catalina.startup.VersionLoggerListener.log 운영체제 버전:     15.6
07-Aug-2025 10:23:59.362 정보 [main] org.apache.catalina.startup.VersionLoggerListener.log 아키텍처:          aarch64
07-Aug-2025 10:23:59.362 정보 [main] org.apache.catalina.startup.VersionLoggerListener.log 자바 홈:           /Users/sik2/Library/Java/JavaVirtualMachines/corretto-21.0.8/Contents/Home
07-Aug-2025 10:23:59.362 정보 [main] org.apache.catalina.startup.VersionLoggerListener.log JVM 버전:          21.0.8+9-LTS
07-Aug-2025 10:23:59.362 정보 [main] org.apache.catalina.startup.VersionLoggerListener.log JVM 벤더:          Amazon.com Inc.
07-Aug-2025 10:23:59.362 정보 [main] org.apache.catalina.startup.VersionLoggerListener.log CATALINA_BASE:     /Users/sik2/project/grepp/aibe3/jsp_baord/jsp_board_2508
07-Aug-2025 10:23:59.363 정보 [main] org.apache.catalina.startup.VersionLoggerListener.log CATALINA_HOME:     /Users/sik2/project/grepp/aibe3/jsp_baord/apache-tomcat-10.1.43
07-Aug-2025 10:23:59.373 정보 [main] org.apache.catalina.startup.VersionLoggerListener.log 명령 행 아규먼트:  --add-opens=java.base/java.lang=ALL-UNNAMED
07-Aug-2025 10:23:59.373 정보 [main] org.apache.catalina.startup.VersionLoggerListener.log 명령 행 아규먼트:  --add-opens=java.base/java.io=ALL-UNNAMED
07-Aug-2025 10:23:59.373 정보 [main] org.apache.catalina.startup.VersionLoggerListener.log 명령 행 아규먼트:  --add-opens=java.base/java.util=ALL-UNNAMED
07-Aug-2025 10:23:59.373 정보 [main] org.apache.catalina.startup.VersionLoggerListener.log 명령 행 아규먼트:  --add-opens=java.base/java.util.concurrent=ALL-UNNAMED
07-Aug-2025 10:23:59.373 정보 [main] org.apache.catalina.startup.VersionLoggerListener.log 명령 행 아규먼트:  --add-opens=java.rmi/sun.rmi.transport=ALL-UNNAMED
07-Aug-2025 10:23:59.373 정보 [main] org.apache.catalina.startup.VersionLoggerListener.log 명령 행 아규먼트:  -Dcatalina.home=/Users/sik2/project/grepp/aibe3/jsp_baord/apache-tomcat-10.1.43
07-Aug-2025 10:23:59.373 정보 [main] org.apache.catalina.startup.VersionLoggerListener.log 명령 행 아규먼트:  -Dcatalina.base=/Users/sik2/project/grepp/aibe3/jsp_baord/jsp_board_2508
07-Aug-2025 10:23:59.373 정보 [main] org.apache.catalina.startup.VersionLoggerListener.log 명령 행 아규먼트:  -Djava.io.tmpdir=/Users/sik2/project/grepp/aibe3/jsp_baord/jsp_board_2508/temp
07-Aug-2025 10:23:59.373 정보 [main] org.apache.catalina.startup.VersionLoggerListener.log 명령 행 아규먼트:  -Djava.util.logging.config.file=/Users/sik2/project/grepp/aibe3/jsp_baord/jsp_board_2508/conf/logging.properties
07-Aug-2025 10:23:59.373 정보 [main] org.apache.catalina.startup.VersionLoggerListener.log 명령 행 아규먼트:  -Djava.util.logging.manager=org.apache.juli.ClassLoaderLogManager
07-Aug-2025 10:23:59.373 정보 [main] org.apache.catalina.startup.VersionLoggerListener.log 명령 행 아규먼트:  -javaagent:/Applications/IntelliJ IDEA.app/Contents/lib/idea_rt.jar=58651:/Applications/IntelliJ IDEA.app/Contents/bin
07-Aug-2025 10:23:59.373 정보 [main] org.apache.catalina.startup.VersionLoggerListener.log 명령 행 아규먼트:  -Dfile.encoding=UTF-8
07-Aug-2025 10:23:59.373 정보 [main] org.apache.catalina.startup.VersionLoggerListener.log 명령 행 아규먼트:  -Dsun.stdout.encoding=UTF-8
07-Aug-2025 10:23:59.373 정보 [main] org.apache.catalina.startup.VersionLoggerListener.log 명령 행 아규먼트:  -Dsun.stderr.encoding=UTF-8
07-Aug-2025 10:23:59.386 정보 [main] org.apache.catalina.core.AprLifecycleListener.lifecycleEvent 프로덕션 환경들에서 최적의 성능을 제공하는, APR 기반 Apache Tomcat Native 라이브러리가, 다음 java.library.path에서 발견되지 않습니다: [/Users/sik2/Library/Java/Extensions:/Library/Java/Extensions:/Network/Library/Java/Extensions:/System/Library/Java/Extensions:/usr/lib/java:.]
07-Aug-2025 10:23:59.629 정보 [main] org.apache.coyote.AbstractProtocol.init 프로토콜 핸들러 ["http-nio-8080"]을(를) 초기화합니다.
07-Aug-2025 10:23:59.653 정보 [main] org.apache.catalina.startup.Catalina.load [493] 밀리초 내에 서버가 초기화되었습니다.
07-Aug-2025 10:23:59.687 정보 [main] org.apache.catalina.core.StandardService.startInternal 서비스 [Catalina]을(를) 시작합니다.
07-Aug-2025 10:23:59.688 정보 [main] org.apache.catalina.core.StandardEngine.startInternal 서버 엔진을 시작합니다: [Apache Tomcat/10.1.43]
07-Aug-2025 10:23:59.695 정보 [main] org.apache.catalina.startup.HostConfig.deployDescriptor 배치 descriptor [/Users/sik2/project/grepp/aibe3/jsp_baord/jsp_board_2508/conf/Catalina/localhost/ROOT.xml]을(를) 배치합니다.
07-Aug-2025 10:23:59.950 경고 [main] org.apache.catalina.webresources.Cache.getResource [/WEB-INF/classes/lib/tomcat-coyote-ffm.jar]에 위치한 리소스를 웹 애플리케이션 []을(를) 위한 캐시에 추가할 수 없습니다. 왜냐하면 만료된 캐시 엔트리들을 없애버린 이후에도 여유 공간이 충분하지 않기 때문입니다. 캐시의 최대 크기를 증가시키는 것을 고려해 보십시오.
07-Aug-2025 10:23:59.950 경고 [main] org.apache.catalina.webresources.Cache.getResource [/WEB-INF/classes/lib/tomcat-i18n-fr.jar]에 위치한 리소스를 웹 애플리케이션 []을(를) 위한 캐시에 추가할 수 없습니다. 왜냐하면 만료된 캐시 엔트리들을 없애버린 이후에도 여유 공간이 충분하지 않기 때문입니다. 캐시의 최대 크기를 증가시키는 것을 고려해 보십시오.
07-Aug-2025 10:23:59.950 경고 [main] org.apache.catalina.webresources.Cache.getResource [/WEB-INF/classes/lib/tomcat-dbcp.jar]에 위치한 리소스를 웹 애플리케이션 []을(를) 위한 캐시에 추가할 수 없습니다. 왜냐하면 만료된 캐시 엔트리들을 없애버린 이후에도 여유 공간이 충분하지 않기 때문입니다. 캐시의 최대 크기를 증가시키는 것을 고려해 보십시오.
07-Aug-2025 10:23:59.951 경고 [main] org.apache.catalina.webresources.Cache.getResource [/WEB-INF/classes/conf/server.xml]에 위치한 리소스를 웹 애플리케이션 []을(를) 위한 캐시에 추가할 수 없습니다. 왜냐하면 만료된 캐시 엔트리들을 없애버린 이후에도 여유 공간이 충분하지 않기 때문입니다. 캐시의 최대 크기를 증가시키는 것을 고려해 보십시오.
07-Aug-2025 10:23:59.951 경고 [main] org.apache.catalina.webresources.Cache.getResource [/WEB-INF/classes/conf/jaspic-providers.xml]에 위치한 리소스를 웹 애플리케이션 []을(를) 위한 캐시에 추가할 수 없습니다. 왜냐하면 만료된 캐시 엔트리들을 없애버린 이후에도 여유 공간이 충분하지 않기 때문입니다. 캐시의 최대 크기를 증가시키는 것을 고려해 보십시오.
07-Aug-2025 10:23:59.951 경고 [main] org.apache.catalina.webresources.Cache.getResource [/WEB-INF/classes/conf/tomcat-users.xml]에 위치한 리소스를 웹 애플리케이션 []을(를) 위한 캐시에 추가할 수 없습니다. 왜냐하면 만료된 캐시 엔트리들을 없애버린 이후에도 여유 공간이 충분하지 않기 때문입니다. 캐시의 최대 크기를 증가시키는 것을 고려해 보십시오.
07-Aug-2025 10:23:59.951 경고 [main] org.apache.catalina.webresources.Cache.getResource [/WEB-INF/classes/conf/jaspic-providers.xsd]에 위치한 리소스를 웹 애플리케이션 []을(를) 위한 캐시에 추가할 수 없습니다. 왜냐하면 만료된 캐시 엔트리들을 없애버린 이후에도 여유 공간이 충분하지 않기 때문입니다. 캐시의 최대 크기를 증가시키는 것을 고려해 보십시오.
07-Aug-2025 10:23:59.952 경고 [main] org.apache.catalina.webresources.Cache.getResource [/WEB-INF/classes/conf/context.xml]에 위치한 리소스를 웹 애플리케이션 []을(를) 위한 캐시에 추가할 수 없습니다. 왜냐하면 만료된 캐시 엔트리들을 없애버린 이후에도 여유 공간이 충분하지 않기 때문입니다. 캐시의 최대 크기를 증가시키는 것을 고려해 보십시오.
07-Aug-2025 10:23:59.952 경고 [main] org.apache.catalina.webresources.Cache.getResource [/WEB-INF/classes/conf/catalina.policy]에 위치한 리소스를 웹 애플리케이션 []을(를) 위한 캐시에 추가할 수 없습니다. 왜냐하면 만료된 캐시 엔트리들을 없애버린 이후에도 여유 공간이 충분하지 않기 때문입니다. 캐시의 최대 크기를 증가시키는 것을 고려해 보십시오.
07-Aug-2025 10:23:59.952 경고 [main] org.apache.catalina.webresources.Cache.getResource [/WEB-INF/classes/conf/web.xml]에 위치한 리소스를 웹 애플리케이션 []을(를) 위한 캐시에 추가할 수 없습니다. 왜냐하면 만료된 캐시 엔트리들을 없애버린 이후에도 여유 공간이 충분하지 않기 때문입니다. 캐시의 최대 크기를 증가시키는 것을 고려해 보십시오.
07-Aug-2025 10:23:59.952 경고 [main] org.apache.catalina.webresources.Cache.getResource [/WEB-INF/classes/conf/tomcat-users.xsd]에 위치한 리소스를 웹 애플리케이션 []을(를) 위한 캐시에 추가할 수 없습니다. 왜냐하면 만료된 캐시 엔트리들을 없애버린 이후에도 여유 공간이 충분하지 않기 때문입니다. 캐시의 최대 크기를 증가시키는 것을 고려해 보십시오.
07-Aug-2025 10:24:00.046 정보 [main] org.apache.jasper.servlet.TldScanner.scanJars 적어도 하나의 JAR가 TLD들을 찾기 위해 스캔되었으나 아무 것도 찾지 못했습니다. 스캔했으나 TLD가 없는 JAR들의 전체 목록을 보시려면, 로그 레벨을 디버그 레벨로 설정하십시오. 스캔 과정에서 불필요한 JAR들을 건너뛰면, 시스템 시작 시간과 JSP 컴파일 시간을 단축시킬 수 있습니다.
07-Aug-2025 10:24:00.063 경고 [main] org.apache.catalina.webresources.Cache.getResource [/]에 위치한 리소스를 웹 애플리케이션 []을(를) 위한 캐시에 추가할 수 없습니다. 왜냐하면 만료된 캐시 엔트리들을 없애버린 이후에도 여유 공간이 충분하지 않기 때문입니다. 캐시의 최대 크기를 증가시키는 것을 고려해 보십시오.
07-Aug-2025 10:24:00.068 정보 [main] org.apache.catalina.startup.HostConfig.deployDescriptor 배치 descriptor [/Users/sik2/project/grepp/aibe3/jsp_baord/jsp_board_2508/conf/Catalina/localhost/ROOT.xml]의 배치가 [371] 밀리초 내에 완료되었습니다.
07-Aug-2025 10:24:00.071 정보 [main] org.apache.coyote.AbstractProtocol.start 프로토콜 핸들러 ["http-nio-8080"]을(를) 시작합니다.
07-Aug-2025 10:24:00.082 정보 [main] org.apache.catalina.startup.Catalina.start 서버가 [428] 밀리초 내에 시작되었습니다.
07-Aug-2025 10:30:22.974 정보 [Thread-1] org.apache.coyote.AbstractProtocol.pause 프로토콜 핸들러 ["http-nio-8080"]을(를) 일시 정지 중
07-Aug-2025 10:30:22.976 정보 [Thread-1] org.apache.catalina.core.StandardService.stopInternal 서비스 [Catalina]을(를) 중지시킵니다.
07-Aug-2025 10:30:22.988 정보 [Thread-1] org.apache.coyote.AbstractProtocol.stop 프로토콜 핸들러 ["http-nio-8080"]을(를) 중지시킵니다.
07-Aug-2025 10:30:23.002 정보 [Thread-1] org.apache.coyote.AbstractProtocol.destroy 프로토콜 핸들러 ["http-nio-8080"]을(를) 소멸시킵니다.
07-Aug-2025 10:30:23.907 정보 [main] org.apache.catalina.startup.VersionLoggerListener.log 서버 버전 이름:    Apache Tomcat/10.1.43
07-Aug-2025 10:30:23.910 정보 [main] org.apache.catalina.startup.VersionLoggerListener.log Server 빌드 시각:  Jul 1 2025 21:30:20 UTC
07-Aug-2025 10:30:23.910 정보 [main] org.apache.catalina.startup.VersionLoggerListener.log Server 버전 번호:  10.1.43.0
07-Aug-2025 10:30:23.910 정보 [main] org.apache.catalina.startup.VersionLoggerListener.log 운영체제 이름:     Mac OS X
07-Aug-2025 10:30:23.910 정보 [main] org.apache.catalina.startup.VersionLoggerListener.log 운영체제 버전:     15.6
07-Aug-2025 10:30:23.910 정보 [main] org.apache.catalina.startup.VersionLoggerListener.log 아키텍처:          aarch64
07-Aug-2025 10:30:23.910 정보 [main] org.apache.catalina.startup.VersionLoggerListener.log 자바 홈:           /Users/sik2/Library/Java/JavaVirtualMachines/corretto-21.0.8/Contents/Home
07-Aug-2025 10:30:23.910 정보 [main] org.apache.catalina.startup.VersionLoggerListener.log JVM 버전:          21.0.8+9-LTS
07-Aug-2025 10:30:23.910 정보 [main] org.apache.catalina.startup.VersionLoggerListener.log JVM 벤더:          Amazon.com Inc.
07-Aug-2025 10:30:23.910 정보 [main] org.apache.catalina.startup.VersionLoggerListener.log CATALINA_BASE:     /Users/sik2/project/grepp/aibe3/jsp_baord/jsp_board_2508
07-Aug-2025 10:30:23.910 정보 [main] org.apache.catalina.startup.VersionLoggerListener.log CATALINA_HOME:     /Users/sik2/project/grepp/aibe3/jsp_baord/apache-tomcat-10.1.43
07-Aug-2025 10:30:23.917 정보 [main] org.apache.catalina.startup.VersionLoggerListener.log 명령 행 아규먼트:  --add-opens=java.base/java.lang=ALL-UNNAMED
07-Aug-2025 10:30:23.918 정보 [main] org.apache.catalina.startup.VersionLoggerListener.log 명령 행 아규먼트:  --add-opens=java.base/java.io=ALL-UNNAMED
07-Aug-2025 10:30:23.918 정보 [main] org.apache.catalina.startup.VersionLoggerListener.log 명령 행 아규먼트:  --add-opens=java.base/java.util=ALL-UNNAMED
07-Aug-2025 10:30:23.918 정보 [main] org.apache.catalina.startup.VersionLoggerListener.log 명령 행 아규먼트:  --add-opens=java.base/java.util.concurrent=ALL-UNNAMED
07-Aug-2025 10:30:23.918 정보 [main] org.apache.catalina.startup.VersionLoggerListener.log 명령 행 아규먼트:  --add-opens=java.rmi/sun.rmi.transport=ALL-UNNAMED
07-Aug-2025 10:30:23.918 정보 [main] org.apache.catalina.startup.VersionLoggerListener.log 명령 행 아규먼트:  -Dcatalina.home=/Users/sik2/project/grepp/aibe3/jsp_baord/apache-tomcat-10.1.43
07-Aug-2025 10:30:23.918 정보 [main] org.apache.catalina.startup.VersionLoggerListener.log 명령 행 아규먼트:  -Dcatalina.base=/Users/sik2/project/grepp/aibe3/jsp_baord/jsp_board_2508
07-Aug-2025 10:30:23.918 정보 [main] org.apache.catalina.startup.VersionLoggerListener.log 명령 행 아규먼트:  -Djava.io.tmpdir=/Users/sik2/project/grepp/aibe3/jsp_baord/jsp_board_2508/temp
07-Aug-2025 10:30:23.918 정보 [main] org.apache.catalina.startup.VersionLoggerListener.log 명령 행 아규먼트:  -Djava.util.logging.config.file=/Users/sik2/project/grepp/aibe3/jsp_baord/jsp_board_2508/conf/logging.properties
07-Aug-2025 10:30:23.918 정보 [main] org.apache.catalina.startup.VersionLoggerListener.log 명령 행 아규먼트:  -Djava.util.logging.manager=org.apache.juli.ClassLoaderLogManager
07-Aug-2025 10:30:23.918 정보 [main] org.apache.catalina.startup.VersionLoggerListener.log 명령 행 아규먼트:  -javaagent:/Applications/IntelliJ IDEA.app/Contents/lib/idea_rt.jar=58782:/Applications/IntelliJ IDEA.app/Contents/bin
07-Aug-2025 10:30:23.918 정보 [main] org.apache.catalina.startup.VersionLoggerListener.log 명령 행 아규먼트:  -Dfile.encoding=UTF-8
07-Aug-2025 10:30:23.918 정보 [main] org.apache.catalina.startup.VersionLoggerListener.log 명령 행 아규먼트:  -Dsun.stdout.encoding=UTF-8
07-Aug-2025 10:30:23.918 정보 [main] org.apache.catalina.startup.VersionLoggerListener.log 명령 행 아규먼트:  -Dsun.stderr.encoding=UTF-8
07-Aug-2025 10:30:23.928 정보 [main] org.apache.catalina.core.AprLifecycleListener.lifecycleEvent 프로덕션 환경들에서 최적의 성능을 제공하는, APR 기반 Apache Tomcat Native 라이브러리가, 다음 java.library.path에서 발견되지 않습니다: [/Users/sik2/Library/Java/Extensions:/Library/Java/Extensions:/Network/Library/Java/Extensions:/System/Library/Java/Extensions:/usr/lib/java:.]
07-Aug-2025 10:30:24.098 정보 [main] org.apache.coyote.AbstractProtocol.init 프로토콜 핸들러 ["http-nio-8080"]을(를) 초기화합니다.
07-Aug-2025 10:30:24.113 정보 [main] org.apache.catalina.startup.Catalina.load [341] 밀리초 내에 서버가 초기화되었습니다.
07-Aug-2025 10:30:24.136 정보 [main] org.apache.catalina.core.StandardService.startInternal 서비스 [Catalina]을(를) 시작합니다.
07-Aug-2025 10:30:24.136 정보 [main] org.apache.catalina.core.StandardEngine.startInternal 서버 엔진을 시작합니다: [Apache Tomcat/10.1.43]
07-Aug-2025 10:30:24.143 정보 [main] org.apache.catalina.startup.HostConfig.deployDescriptor 배치 descriptor [/Users/sik2/project/grepp/aibe3/jsp_baord/jsp_board_2508/conf/Catalina/localhost/ROOT.xml]을(를) 배치합니다.
07-Aug-2025 10:30:24.340 경고 [main] org.apache.catalina.webresources.Cache.getResource [/WEB-INF/classes/lib/tomcat-coyote-ffm.jar]에 위치한 리소스를 웹 애플리케이션 []을(를) 위한 캐시에 추가할 수 없습니다. 왜냐하면 만료된 캐시 엔트리들을 없애버린 이후에도 여유 공간이 충분하지 않기 때문입니다. 캐시의 최대 크기를 증가시키는 것을 고려해 보십시오.
07-Aug-2025 10:30:24.340 경고 [main] org.apache.catalina.webresources.Cache.getResource [/WEB-INF/classes/lib/tomcat-i18n-fr.jar]에 위치한 리소스를 웹 애플리케이션 []을(를) 위한 캐시에 추가할 수 없습니다. 왜냐하면 만료된 캐시 엔트리들을 없애버린 이후에도 여유 공간이 충분하지 않기 때문입니다. 캐시의 최대 크기를 증가시키는 것을 고려해 보십시오.
07-Aug-2025 10:30:24.340 경고 [main] org.apache.catalina.webresources.Cache.getResource [/WEB-INF/classes/lib/tomcat-dbcp.jar]에 위치한 리소스를 웹 애플리케이션 []을(를) 위한 캐시에 추가할 수 없습니다. 왜냐하면 만료된 캐시 엔트리들을 없애버린 이후에도 여유 공간이 충분하지 않기 때문입니다. 캐시의 최대 크기를 증가시키는 것을 고려해 보십시오.
07-Aug-2025 10:30:24.341 경고 [main] org.apache.catalina.webresources.Cache.getResource [/WEB-INF/classes/conf/server.xml]에 위치한 리소스를 웹 애플리케이션 []을(를) 위한 캐시에 추가할 수 없습니다. 왜냐하면 만료된 캐시 엔트리들을 없애버린 이후에도 여유 공간이 충분하지 않기 때문입니다. 캐시의 최대 크기를 증가시키는 것을 고려해 보십시오.
07-Aug-2025 10:30:24.341 경고 [main] org.apache.catalina.webresources.Cache.getResource [/WEB-INF/classes/conf/jaspic-providers.xml]에 위치한 리소스를 웹 애플리케이션 []을(를) 위한 캐시에 추가할 수 없습니다. 왜냐하면 만료된 캐시 엔트리들을 없애버린 이후에도 여유 공간이 충분하지 않기 때문입니다. 캐시의 최대 크기를 증가시키는 것을 고려해 보십시오.
07-Aug-2025 10:30:24.341 경고 [main] org.apache.catalina.webresources.Cache.getResource [/WEB-INF/classes/conf/tomcat-users.xml]에 위치한 리소스를 웹 애플리케이션 []을(를) 위한 캐시에 추가할 수 없습니다. 왜냐하면 만료된 캐시 엔트리들을 없애버린 이후에도 여유 공간이 충분하지 않기 때문입니다. 캐시의 최대 크기를 증가시키는 것을 고려해 보십시오.
07-Aug-2025 10:30:24.341 경고 [main] org.apache.catalina.webresources.Cache.getResource [/WEB-INF/classes/conf/jaspic-providers.xsd]에 위치한 리소스를 웹 애플리케이션 []을(를) 위한 캐시에 추가할 수 없습니다. 왜냐하면 만료된 캐시 엔트리들을 없애버린 이후에도 여유 공간이 충분하지 않기 때문입니다. 캐시의 최대 크기를 증가시키는 것을 고려해 보십시오.
07-Aug-2025 10:30:24.342 경고 [main] org.apache.catalina.webresources.Cache.getResource [/WEB-INF/classes/conf/context.xml]에 위치한 리소스를 웹 애플리케이션 []을(를) 위한 캐시에 추가할 수 없습니다. 왜냐하면 만료된 캐시 엔트리들을 없애버린 이후에도 여유 공간이 충분하지 않기 때문입니다. 캐시의 최대 크기를 증가시키는 것을 고려해 보십시오.
07-Aug-2025 10:30:24.342 경고 [main] org.apache.catalina.webresources.Cache.getResource [/WEB-INF/classes/conf/catalina.policy]에 위치한 리소스를 웹 애플리케이션 []을(를) 위한 캐시에 추가할 수 없습니다. 왜냐하면 만료된 캐시 엔트리들을 없애버린 이후에도 여유 공간이 충분하지 않기 때문입니다. 캐시의 최대 크기를 증가시키는 것을 고려해 보십시오.
07-Aug-2025 10:30:24.342 경고 [main] org.apache.catalina.webresources.Cache.getResource [/WEB-INF/classes/conf/web.xml]에 위치한 리소스를 웹 애플리케이션 []을(를) 위한 캐시에 추가할 수 없습니다. 왜냐하면 만료된 캐시 엔트리들을 없애버린 이후에도 여유 공간이 충분하지 않기 때문입니다. 캐시의 최대 크기를 증가시키는 것을 고려해 보십시오.
07-Aug-2025 10:30:24.342 경고 [main] org.apache.catalina.webresources.Cache.getResource [/WEB-INF/classes/conf/tomcat-users.xsd]에 위치한 리소스를 웹 애플리케이션 []을(를) 위한 캐시에 추가할 수 없습니다. 왜냐하면 만료된 캐시 엔트리들을 없애버린 이후에도 여유 공간이 충분하지 않기 때문입니다. 캐시의 최대 크기를 증가시키는 것을 고려해 보십시오.
07-Aug-2025 10:30:24.421 정보 [main] org.apache.jasper.servlet.TldScanner.scanJars 적어도 하나의 JAR가 TLD들을 찾기 위해 스캔되었으나 아무 것도 찾지 못했습니다. 스캔했으나 TLD가 없는 JAR들의 전체 목록을 보시려면, 로그 레벨을 디버그 레벨로 설정하십시오. 스캔 과정에서 불필요한 JAR들을 건너뛰면, 시스템 시작 시간과 JSP 컴파일 시간을 단축시킬 수 있습니다.
07-Aug-2025 10:30:24.463 경고 [main] org.apache.catalina.webresources.Cache.getResource [/]에 위치한 리소스를 웹 애플리케이션 []을(를) 위한 캐시에 추가할 수 없습니다. 왜냐하면 만료된 캐시 엔트리들을 없애버린 이후에도 여유 공간이 충분하지 않기 때문입니다. 캐시의 최대 크기를 증가시키는 것을 고려해 보십시오.
07-Aug-2025 10:30:24.471 정보 [main] org.apache.catalina.startup.HostConfig.deployDescriptor 배치 descriptor [/Users/sik2/project/grepp/aibe3/jsp_baord/jsp_board_2508/conf/Catalina/localhost/ROOT.xml]의 배치가 [326] 밀리초 내에 완료되었습니다.
07-Aug-2025 10:30:24.474 정보 [main] org.apache.coyote.AbstractProtocol.start 프로토콜 핸들러 ["http-nio-8080"]을(를) 시작합니다.
07-Aug-2025 10:30:24.491 정보 [main] org.apache.catalina.startup.Catalina.start 서버가 [378] 밀리초 내에 시작되었습니다.
07-Aug-2025 10:36:37.440 정보 [Thread-1] org.apache.coyote.AbstractProtocol.pause 프로토콜 핸들러 ["http-nio-8080"]을(를) 일시 정지 중
07-Aug-2025 10:36:37.442 정보 [Thread-1] org.apache.catalina.core.StandardService.stopInternal 서비스 [Catalina]을(를) 중지시킵니다.
07-Aug-2025 10:36:37.460 정보 [Thread-1] org.apache.coyote.AbstractProtocol.stop 프로토콜 핸들러 ["http-nio-8080"]을(를) 중지시킵니다.
07-Aug-2025 10:36:37.468 정보 [Thread-1] org.apache.coyote.AbstractProtocol.destroy 프로토콜 핸들러 ["http-nio-8080"]을(를) 소멸시킵니다.
07-Aug-2025 10:36:38.608 정보 [main] org.apache.catalina.startup.VersionLoggerListener.log 서버 버전 이름:    Apache Tomcat/10.1.43
07-Aug-2025 10:36:38.616 정보 [main] org.apache.catalina.startup.VersionLoggerListener.log Server 빌드 시각:  Jul 1 2025 21:30:20 UTC
07-Aug-2025 10:36:38.616 정보 [main] org.apache.catalina.startup.VersionLoggerListener.log Server 버전 번호:  10.1.43.0
07-Aug-2025 10:36:38.616 정보 [main] org.apache.catalina.startup.VersionLoggerListener.log 운영체제 이름:     Mac OS X
07-Aug-2025 10:36:38.616 정보 [main] org.apache.catalina.startup.VersionLoggerListener.log 운영체제 버전:     15.6
07-Aug-2025 10:36:38.616 정보 [main] org.apache.catalina.startup.VersionLoggerListener.log 아키텍처:          aarch64
07-Aug-2025 10:36:38.616 정보 [main] org.apache.catalina.startup.VersionLoggerListener.log 자바 홈:           /Users/sik2/Library/Java/JavaVirtualMachines/corretto-21.0.8/Contents/Home
07-Aug-2025 10:36:38.616 정보 [main] org.apache.catalina.startup.VersionLoggerListener.log JVM 버전:          21.0.8+9-LTS
07-Aug-2025 10:36:38.616 정보 [main] org.apache.catalina.startup.VersionLoggerListener.log JVM 벤더:          Amazon.com Inc.
07-Aug-2025 10:36:38.616 정보 [main] org.apache.catalina.startup.VersionLoggerListener.log CATALINA_BASE:     /Users/sik2/project/grepp/aibe3/jsp_baord/jsp_board_2508
07-Aug-2025 10:36:38.616 정보 [main] org.apache.catalina.startup.VersionLoggerListener.log CATALINA_HOME:     /Users/sik2/project/grepp/aibe3/jsp_baord/apache-tomcat-10.1.43
07-Aug-2025 10:36:38.638 정보 [main] org.apache.catalina.startup.VersionLoggerListener.log 명령 행 아규먼트:  --add-opens=java.base/java.lang=ALL-UNNAMED
07-Aug-2025 10:36:38.638 정보 [main] org.apache.catalina.startup.VersionLoggerListener.log 명령 행 아규먼트:  --add-opens=java.base/java.io=ALL-UNNAMED
07-Aug-2025 10:36:38.638 정보 [main] org.apache.catalina.startup.VersionLoggerListener.log 명령 행 아규먼트:  --add-opens=java.base/java.util=ALL-UNNAMED
07-Aug-2025 10:36:38.639 정보 [main] org.apache.catalina.startup.VersionLoggerListener.log 명령 행 아규먼트:  --add-opens=java.base/java.util.concurrent=ALL-UNNAMED
07-Aug-2025 10:36:38.639 정보 [main] org.apache.catalina.startup.VersionLoggerListener.log 명령 행 아규먼트:  --add-opens=java.rmi/sun.rmi.transport=ALL-UNNAMED
07-Aug-2025 10:36:38.639 정보 [main] org.apache.catalina.startup.VersionLoggerListener.log 명령 행 아규먼트:  -Dcatalina.home=/Users/sik2/project/grepp/aibe3/jsp_baord/apache-tomcat-10.1.43
07-Aug-2025 10:36:38.639 정보 [main] org.apache.catalina.startup.VersionLoggerListener.log 명령 행 아규먼트:  -Dcatalina.base=/Users/sik2/project/grepp/aibe3/jsp_baord/jsp_board_2508
07-Aug-2025 10:36:38.639 정보 [main] org.apache.catalina.startup.VersionLoggerListener.log 명령 행 아규먼트:  -Djava.io.tmpdir=/Users/sik2/project/grepp/aibe3/jsp_baord/jsp_board_2508/temp
07-Aug-2025 10:36:38.639 정보 [main] org.apache.catalina.startup.VersionLoggerListener.log 명령 행 아규먼트:  -Djava.util.logging.config.file=/Users/sik2/project/grepp/aibe3/jsp_baord/jsp_board_2508/conf/logging.properties
07-Aug-2025 10:36:38.639 정보 [main] org.apache.catalina.startup.VersionLoggerListener.log 명령 행 아규먼트:  -Djava.util.logging.manager=org.apache.juli.ClassLoaderLogManager
07-Aug-2025 10:36:38.639 정보 [main] org.apache.catalina.startup.VersionLoggerListener.log 명령 행 아규먼트:  -javaagent:/Applications/IntelliJ IDEA.app/Contents/lib/idea_rt.jar=58955:/Applications/IntelliJ IDEA.app/Contents/bin
07-Aug-2025 10:36:38.639 정보 [main] org.apache.catalina.startup.VersionLoggerListener.log 명령 행 아규먼트:  -Dfile.encoding=UTF-8
07-Aug-2025 10:36:38.639 정보 [main] org.apache.catalina.startup.VersionLoggerListener.log 명령 행 아규먼트:  -Dsun.stdout.encoding=UTF-8
07-Aug-2025 10:36:38.639 정보 [main] org.apache.catalina.startup.VersionLoggerListener.log 명령 행 아규먼트:  -Dsun.stderr.encoding=UTF-8
07-Aug-2025 10:36:38.656 정보 [main] org.apache.catalina.core.AprLifecycleListener.lifecycleEvent 프로덕션 환경들에서 최적의 성능을 제공하는, APR 기반 Apache Tomcat Native 라이브러리가, 다음 java.library.path에서 발견되지 않습니다: [/Users/sik2/Library/Java/Extensions:/Library/Java/Extensions:/Network/Library/Java/Extensions:/System/Library/Java/Extensions:/usr/lib/java:.]
07-Aug-2025 10:36:38.921 정보 [main] org.apache.coyote.AbstractProtocol.init 프로토콜 핸들러 ["http-nio-8080"]을(를) 초기화합니다.
07-Aug-2025 10:36:38.932 정보 [main] org.apache.catalina.startup.Catalina.load [516] 밀리초 내에 서버가 초기화되었습니다.
07-Aug-2025 10:36:38.967 정보 [main] org.apache.catalina.core.StandardService.startInternal 서비스 [Catalina]을(를) 시작합니다.
07-Aug-2025 10:36:38.967 정보 [main] org.apache.catalina.core.StandardEngine.startInternal 서버 엔진을 시작합니다: [Apache Tomcat/10.1.43]
07-Aug-2025 10:36:38.974 정보 [main] org.apache.catalina.startup.HostConfig.deployDescriptor 배치 descriptor [/Users/sik2/project/grepp/aibe3/jsp_baord/jsp_board_2508/conf/Catalina/localhost/ROOT.xml]을(를) 배치합니다.
07-Aug-2025 10:36:39.217 경고 [main] org.apache.catalina.webresources.Cache.getResource [/WEB-INF/classes/lib/tomcat-coyote-ffm.jar]에 위치한 리소스를 웹 애플리케이션 []을(를) 위한 캐시에 추가할 수 없습니다. 왜냐하면 만료된 캐시 엔트리들을 없애버린 이후에도 여유 공간이 충분하지 않기 때문입니다. 캐시의 최대 크기를 증가시키는 것을 고려해 보십시오.
07-Aug-2025 10:36:39.218 경고 [main] org.apache.catalina.webresources.Cache.getResource [/WEB-INF/classes/lib/tomcat-i18n-fr.jar]에 위치한 리소스를 웹 애플리케이션 []을(를) 위한 캐시에 추가할 수 없습니다. 왜냐하면 만료된 캐시 엔트리들을 없애버린 이후에도 여유 공간이 충분하지 않기 때문입니다. 캐시의 최대 크기를 증가시키는 것을 고려해 보십시오.
07-Aug-2025 10:36:39.219 경고 [main] org.apache.catalina.webresources.Cache.getResource [/WEB-INF/classes/lib/tomcat-dbcp.jar]에 위치한 리소스를 웹 애플리케이션 []을(를) 위한 캐시에 추가할 수 없습니다. 왜냐하면 만료된 캐시 엔트리들을 없애버린 이후에도 여유 공간이 충분하지 않기 때문입니다. 캐시의 최대 크기를 증가시키는 것을 고려해 보십시오.
07-Aug-2025 10:36:39.221 경고 [main] org.apache.catalina.webresources.Cache.getResource [/WEB-INF/classes/conf/server.xml]에 위치한 리소스를 웹 애플리케이션 []을(를) 위한 캐시에 추가할 수 없습니다. 왜냐하면 만료된 캐시 엔트리들을 없애버린 이후에도 여유 공간이 충분하지 않기 때문입니다. 캐시의 최대 크기를 증가시키는 것을 고려해 보십시오.
07-Aug-2025 10:36:39.221 경고 [main] org.apache.catalina.webresources.Cache.getResource [/WEB-INF/classes/conf/jaspic-providers.xml]에 위치한 리소스를 웹 애플리케이션 []을(를) 위한 캐시에 추가할 수 없습니다. 왜냐하면 만료된 캐시 엔트리들을 없애버린 이후에도 여유 공간이 충분하지 않기 때문입니다. 캐시의 최대 크기를 증가시키는 것을 고려해 보십시오.
07-Aug-2025 10:36:39.221 경고 [main] org.apache.catalina.webresources.Cache.getResource [/WEB-INF/classes/conf/tomcat-users.xml]에 위치한 리소스를 웹 애플리케이션 []을(를) 위한 캐시에 추가할 수 없습니다. 왜냐하면 만료된 캐시 엔트리들을 없애버린 이후에도 여유 공간이 충분하지 않기 때문입니다. 캐시의 최대 크기를 증가시키는 것을 고려해 보십시오.
07-Aug-2025 10:36:39.221 경고 [main] org.apache.catalina.webresources.Cache.getResource [/WEB-INF/classes/conf/jaspic-providers.xsd]에 위치한 리소스를 웹 애플리케이션 []을(를) 위한 캐시에 추가할 수 없습니다. 왜냐하면 만료된 캐시 엔트리들을 없애버린 이후에도 여유 공간이 충분하지 않기 때문입니다. 캐시의 최대 크기를 증가시키는 것을 고려해 보십시오.
07-Aug-2025 10:36:39.223 경고 [main] org.apache.catalina.webresources.Cache.getResource [/WEB-INF/classes/conf/context.xml]에 위치한 리소스를 웹 애플리케이션 []을(를) 위한 캐시에 추가할 수 없습니다. 왜냐하면 만료된 캐시 엔트리들을 없애버린 이후에도 여유 공간이 충분하지 않기 때문입니다. 캐시의 최대 크기를 증가시키는 것을 고려해 보십시오.
07-Aug-2025 10:36:39.223 경고 [main] org.apache.catalina.webresources.Cache.getResource [/WEB-INF/classes/conf/catalina.policy]에 위치한 리소스를 웹 애플리케이션 []을(를) 위한 캐시에 추가할 수 없습니다. 왜냐하면 만료된 캐시 엔트리들을 없애버린 이후에도 여유 공간이 충분하지 않기 때문입니다. 캐시의 최대 크기를 증가시키는 것을 고려해 보십시오.
07-Aug-2025 10:36:39.224 경고 [main] org.apache.catalina.webresources.Cache.getResource [/WEB-INF/classes/conf/web.xml]에 위치한 리소스를 웹 애플리케이션 []을(를) 위한 캐시에 추가할 수 없습니다. 왜냐하면 만료된 캐시 엔트리들을 없애버린 이후에도 여유 공간이 충분하지 않기 때문입니다. 캐시의 최대 크기를 증가시키는 것을 고려해 보십시오.
07-Aug-2025 10:36:39.224 경고 [main] org.apache.catalina.webresources.Cache.getResource [/WEB-INF/classes/conf/tomcat-users.xsd]에 위치한 리소스를 웹 애플리케이션 []을(를) 위한 캐시에 추가할 수 없습니다. 왜냐하면 만료된 캐시 엔트리들을 없애버린 이후에도 여유 공간이 충분하지 않기 때문입니다. 캐시의 최대 크기를 증가시키는 것을 고려해 보십시오.
07-Aug-2025 10:36:39.314 정보 [main] org.apache.jasper.servlet.TldScanner.scanJars 적어도 하나의 JAR가 TLD들을 찾기 위해 스캔되었으나 아무 것도 찾지 못했습니다. 스캔했으나 TLD가 없는 JAR들의 전체 목록을 보시려면, 로그 레벨을 디버그 레벨로 설정하십시오. 스캔 과정에서 불필요한 JAR들을 건너뛰면, 시스템 시작 시간과 JSP 컴파일 시간을 단축시킬 수 있습니다.
07-Aug-2025 10:36:39.335 경고 [main] org.apache.catalina.webresources.Cache.getResource [/]에 위치한 리소스를 웹 애플리케이션 []을(를) 위한 캐시에 추가할 수 없습니다. 왜냐하면 만료된 캐시 엔트리들을 없애버린 이후에도 여유 공간이 충분하지 않기 때문입니다. 캐시의 최대 크기를 증가시키는 것을 고려해 보십시오.
07-Aug-2025 10:36:39.339 정보 [main] org.apache.catalina.startup.HostConfig.deployDescriptor 배치 descriptor [/Users/sik2/project/grepp/aibe3/jsp_baord/jsp_board_2508/conf/Catalina/localhost/ROOT.xml]의 배치가 [364] 밀리초 내에 완료되었습니다.
07-Aug-2025 10:36:39.342 정보 [main] org.apache.coyote.AbstractProtocol.start 프로토콜 핸들러 ["http-nio-8080"]을(를) 시작합니다.
07-Aug-2025 10:36:39.349 정보 [main] org.apache.catalina.startup.Catalina.start 서버가 [417] 밀리초 내에 시작되었습니다.
07-Aug-2025 10:37:49.523 정보 [Thread-1] org.apache.coyote.AbstractProtocol.pause 프로토콜 핸들러 ["http-nio-8080"]을(를) 일시 정지 중
07-Aug-2025 10:37:49.525 정보 [Thread-1] org.apache.catalina.core.StandardService.stopInternal 서비스 [Catalina]을(를) 중지시킵니다.
07-Aug-2025 10:37:49.545 정보 [Thread-1] org.apache.coyote.AbstractProtocol.stop 프로토콜 핸들러 ["http-nio-8080"]을(를) 중지시킵니다.
07-Aug-2025 10:37:49.549 정보 [Thread-1] org.apache.coyote.AbstractProtocol.destroy 프로토콜 핸들러 ["http-nio-8080"]을(를) 소멸시킵니다.
07-Aug-2025 10:37:50.977 정보 [main] org.apache.catalina.startup.VersionLoggerListener.log 서버 버전 이름:    Apache Tomcat/10.1.43
07-Aug-2025 10:37:50.981 정보 [main] org.apache.catalina.startup.VersionLoggerListener.log Server 빌드 시각:  Jul 1 2025 21:30:20 UTC
07-Aug-2025 10:37:50.982 정보 [main] org.apache.catalina.startup.VersionLoggerListener.log Server 버전 번호:  10.1.43.0
07-Aug-2025 10:37:50.983 정보 [main] org.apache.catalina.startup.VersionLoggerListener.log 운영체제 이름:     Mac OS X
07-Aug-2025 10:37:50.983 정보 [main] org.apache.catalina.startup.VersionLoggerListener.log 운영체제 버전:     15.6
07-Aug-2025 10:37:50.983 정보 [main] org.apache.catalina.startup.VersionLoggerListener.log 아키텍처:          aarch64
07-Aug-2025 10:37:50.983 정보 [main] org.apache.catalina.startup.VersionLoggerListener.log 자바 홈:           /Users/sik2/Library/Java/JavaVirtualMachines/corretto-21.0.8/Contents/Home
07-Aug-2025 10:37:50.983 정보 [main] org.apache.catalina.startup.VersionLoggerListener.log JVM 버전:          21.0.8+9-LTS
07-Aug-2025 10:37:50.983 정보 [main] org.apache.catalina.startup.VersionLoggerListener.log JVM 벤더:          Amazon.com Inc.
07-Aug-2025 10:37:50.983 정보 [main] org.apache.catalina.startup.VersionLoggerListener.log CATALINA_BASE:     /Users/sik2/project/grepp/aibe3/jsp_baord/jsp_board_2508
07-Aug-2025 10:37:50.983 정보 [main] org.apache.catalina.startup.VersionLoggerListener.log CATALINA_HOME:     /Users/sik2/project/grepp/aibe3/jsp_baord/apache-tomcat-10.1.43
07-Aug-2025 10:37:51.007 정보 [main] org.apache.catalina.startup.VersionLoggerListener.log 명령 행 아규먼트:  --add-opens=java.base/java.lang=ALL-UNNAMED
07-Aug-2025 10:37:51.007 정보 [main] org.apache.catalina.startup.VersionLoggerListener.log 명령 행 아규먼트:  --add-opens=java.base/java.io=ALL-UNNAMED
07-Aug-2025 10:37:51.007 정보 [main] org.apache.catalina.startup.VersionLoggerListener.log 명령 행 아규먼트:  --add-opens=java.base/java.util=ALL-UNNAMED
07-Aug-2025 10:37:51.007 정보 [main] org.apache.catalina.startup.VersionLoggerListener.log 명령 행 아규먼트:  --add-opens=java.base/java.util.concurrent=ALL-UNNAMED
07-Aug-2025 10:37:51.008 정보 [main] org.apache.catalina.startup.VersionLoggerListener.log 명령 행 아규먼트:  --add-opens=java.rmi/sun.rmi.transport=ALL-UNNAMED
07-Aug-2025 10:37:51.008 정보 [main] org.apache.catalina.startup.VersionLoggerListener.log 명령 행 아규먼트:  -Dcatalina.home=/Users/sik2/project/grepp/aibe3/jsp_baord/apache-tomcat-10.1.43
07-Aug-2025 10:37:51.008 정보 [main] org.apache.catalina.startup.VersionLoggerListener.log 명령 행 아규먼트:  -Dcatalina.base=/Users/sik2/project/grepp/aibe3/jsp_baord/jsp_board_2508
07-Aug-2025 10:37:51.008 정보 [main] org.apache.catalina.startup.VersionLoggerListener.log 명령 행 아규먼트:  -Djava.io.tmpdir=/Users/sik2/project/grepp/aibe3/jsp_baord/jsp_board_2508/temp
07-Aug-2025 10:37:51.009 정보 [main] org.apache.catalina.startup.VersionLoggerListener.log 명령 행 아규먼트:  -Djava.util.logging.config.file=/Users/sik2/project/grepp/aibe3/jsp_baord/jsp_board_2508/conf/logging.properties
07-Aug-2025 10:37:51.009 정보 [main] org.apache.catalina.startup.VersionLoggerListener.log 명령 행 아규먼트:  -Djava.util.logging.manager=org.apache.juli.ClassLoaderLogManager
07-Aug-2025 10:37:51.009 정보 [main] org.apache.catalina.startup.VersionLoggerListener.log 명령 행 아규먼트:  -javaagent:/Applications/IntelliJ IDEA.app/Contents/lib/idea_rt.jar=58978:/Applications/IntelliJ IDEA.app/Contents/bin
07-Aug-2025 10:37:51.009 정보 [main] org.apache.catalina.startup.VersionLoggerListener.log 명령 행 아규먼트:  -Dfile.encoding=UTF-8
07-Aug-2025 10:37:51.009 정보 [main] org.apache.catalina.startup.VersionLoggerListener.log 명령 행 아규먼트:  -Dsun.stdout.encoding=UTF-8
07-Aug-2025 10:37:51.009 정보 [main] org.apache.catalina.startup.VersionLoggerListener.log 명령 행 아규먼트:  -Dsun.stderr.encoding=UTF-8
07-Aug-2025 10:37:51.059 정보 [main] org.apache.catalina.core.AprLifecycleListener.lifecycleEvent 프로덕션 환경들에서 최적의 성능을 제공하는, APR 기반 Apache Tomcat Native 라이브러리가, 다음 java.library.path에서 발견되지 않습니다: [/Users/sik2/Library/Java/Extensions:/Library/Java/Extensions:/Network/Library/Java/Extensions:/System/Library/Java/Extensions:/usr/lib/java:.]
07-Aug-2025 10:37:51.407 정보 [main] org.apache.coyote.AbstractProtocol.init 프로토콜 핸들러 ["http-nio-8080"]을(를) 초기화합니다.
07-Aug-2025 10:37:51.442 정보 [main] org.apache.catalina.startup.Catalina.load [751] 밀리초 내에 서버가 초기화되었습니다.
07-Aug-2025 10:37:51.473 정보 [main] org.apache.catalina.core.StandardService.startInternal 서비스 [Catalina]을(를) 시작합니다.
07-Aug-2025 10:37:51.474 정보 [main] org.apache.catalina.core.StandardEngine.startInternal 서버 엔진을 시작합니다: [Apache Tomcat/10.1.43]
07-Aug-2025 10:37:51.480 정보 [main] org.apache.catalina.startup.HostConfig.deployDescriptor 배치 descriptor [/Users/sik2/project/grepp/aibe3/jsp_baord/jsp_board_2508/conf/Catalina/localhost/ROOT.xml]을(를) 배치합니다.
07-Aug-2025 10:37:51.691 경고 [main] org.apache.catalina.webresources.Cache.getResource [/WEB-INF/classes/lib/tomcat-coyote-ffm.jar]에 위치한 리소스를 웹 애플리케이션 []을(를) 위한 캐시에 추가할 수 없습니다. 왜냐하면 만료된 캐시 엔트리들을 없애버린 이후에도 여유 공간이 충분하지 않기 때문입니다. 캐시의 최대 크기를 증가시키는 것을 고려해 보십시오.
07-Aug-2025 10:37:51.691 경고 [main] org.apache.catalina.webresources.Cache.getResource [/WEB-INF/classes/lib/tomcat-i18n-fr.jar]에 위치한 리소스를 웹 애플리케이션 []을(를) 위한 캐시에 추가할 수 없습니다. 왜냐하면 만료된 캐시 엔트리들을 없애버린 이후에도 여유 공간이 충분하지 않기 때문입니다. 캐시의 최대 크기를 증가시키는 것을 고려해 보십시오.
07-Aug-2025 10:37:51.692 경고 [main] org.apache.catalina.webresources.Cache.getResource [/WEB-INF/classes/lib/tomcat-dbcp.jar]에 위치한 리소스를 웹 애플리케이션 []을(를) 위한 캐시에 추가할 수 없습니다. 왜냐하면 만료된 캐시 엔트리들을 없애버린 이후에도 여유 공간이 충분하지 않기 때문입니다. 캐시의 최대 크기를 증가시키는 것을 고려해 보십시오.
07-Aug-2025 10:37:51.692 경고 [main] org.apache.catalina.webresources.Cache.getResource [/WEB-INF/classes/conf/server.xml]에 위치한 리소스를 웹 애플리케이션 []을(를) 위한 캐시에 추가할 수 없습니다. 왜냐하면 만료된 캐시 엔트리들을 없애버린 이후에도 여유 공간이 충분하지 않기 때문입니다. 캐시의 최대 크기를 증가시키는 것을 고려해 보십시오.
07-Aug-2025 10:37:51.692 경고 [main] org.apache.catalina.webresources.Cache.getResource [/WEB-INF/classes/conf/jaspic-providers.xml]에 위치한 리소스를 웹 애플리케이션 []을(를) 위한 캐시에 추가할 수 없습니다. 왜냐하면 만료된 캐시 엔트리들을 없애버린 이후에도 여유 공간이 충분하지 않기 때문입니다. 캐시의 최대 크기를 증가시키는 것을 고려해 보십시오.
07-Aug-2025 10:37:51.693 경고 [main] org.apache.catalina.webresources.Cache.getResource [/WEB-INF/classes/conf/tomcat-users.xml]에 위치한 리소스를 웹 애플리케이션 []을(를) 위한 캐시에 추가할 수 없습니다. 왜냐하면 만료된 캐시 엔트리들을 없애버린 이후에도 여유 공간이 충분하지 않기 때문입니다. 캐시의 최대 크기를 증가시키는 것을 고려해 보십시오.
07-Aug-2025 10:37:51.693 경고 [main] org.apache.catalina.webresources.Cache.getResource [/WEB-INF/classes/conf/jaspic-providers.xsd]에 위치한 리소스를 웹 애플리케이션 []을(를) 위한 캐시에 추가할 수 없습니다. 왜냐하면 만료된 캐시 엔트리들을 없애버린 이후에도 여유 공간이 충분하지 않기 때문입니다. 캐시의 최대 크기를 증가시키는 것을 고려해 보십시오.
07-Aug-2025 10:37:51.693 경고 [main] org.apache.catalina.webresources.Cache.getResource [/WEB-INF/classes/conf/context.xml]에 위치한 리소스를 웹 애플리케이션 []을(를) 위한 캐시에 추가할 수 없습니다. 왜냐하면 만료된 캐시 엔트리들을 없애버린 이후에도 여유 공간이 충분하지 않기 때문입니다. 캐시의 최대 크기를 증가시키는 것을 고려해 보십시오.
07-Aug-2025 10:37:51.693 경고 [main] org.apache.catalina.webresources.Cache.getResource [/WEB-INF/classes/conf/catalina.policy]에 위치한 리소스를 웹 애플리케이션 []을(를) 위한 캐시에 추가할 수 없습니다. 왜냐하면 만료된 캐시 엔트리들을 없애버린 이후에도 여유 공간이 충분하지 않기 때문입니다. 캐시의 최대 크기를 증가시키는 것을 고려해 보십시오.
07-Aug-2025 10:37:51.693 경고 [main] org.apache.catalina.webresources.Cache.getResource [/WEB-INF/classes/conf/web.xml]에 위치한 리소스를 웹 애플리케이션 []을(를) 위한 캐시에 추가할 수 없습니다. 왜냐하면 만료된 캐시 엔트리들을 없애버린 이후에도 여유 공간이 충분하지 않기 때문입니다. 캐시의 최대 크기를 증가시키는 것을 고려해 보십시오.
07-Aug-2025 10:37:51.693 경고 [main] org.apache.catalina.webresources.Cache.getResource [/WEB-INF/classes/conf/tomcat-users.xsd]에 위치한 리소스를 웹 애플리케이션 []을(를) 위한 캐시에 추가할 수 없습니다. 왜냐하면 만료된 캐시 엔트리들을 없애버린 이후에도 여유 공간이 충분하지 않기 때문입니다. 캐시의 최대 크기를 증가시키는 것을 고려해 보십시오.
07-Aug-2025 10:37:51.775 정보 [main] org.apache.jasper.servlet.TldScanner.scanJars 적어도 하나의 JAR가 TLD들을 찾기 위해 스캔되었으나 아무 것도 찾지 못했습니다. 스캔했으나 TLD가 없는 JAR들의 전체 목록을 보시려면, 로그 레벨을 디버그 레벨로 설정하십시오. 스캔 과정에서 불필요한 JAR들을 건너뛰면, 시스템 시작 시간과 JSP 컴파일 시간을 단축시킬 수 있습니다.
07-Aug-2025 10:37:51.796 경고 [main] org.apache.catalina.webresources.Cache.getResource [/]에 위치한 리소스를 웹 애플리케이션 []을(를) 위한 캐시에 추가할 수 없습니다. 왜냐하면 만료된 캐시 엔트리들을 없애버린 이후에도 여유 공간이 충분하지 않기 때문입니다. 캐시의 최대 크기를 증가시키는 것을 고려해 보십시오.
07-Aug-2025 10:37:51.802 정보 [main] org.apache.catalina.startup.HostConfig.deployDescriptor 배치 descriptor [/Users/sik2/project/grepp/aibe3/jsp_baord/jsp_board_2508/conf/Catalina/localhost/ROOT.xml]의 배치가 [321] 밀리초 내에 완료되었습니다.
07-Aug-2025 10:37:51.805 정보 [main] org.apache.coyote.AbstractProtocol.start 프로토콜 핸들러 ["http-nio-8080"]을(를) 시작합니다.
07-Aug-2025 10:37:51.813 정보 [main] org.apache.catalina.startup.Catalina.start 서버가 [370] 밀리초 내에 시작되었습니다.
